

============================== 2022-01-07 23:33:09.635407 | 9ce73cbc-1b30-4e56-bb8c-3ed44c20d115 ==============================
23:33:09.635407 [info ] [MainThread]: Running with dbt=1.0.1
23:33:09.635806 [debug] [MainThread]: running dbt with arguments Namespace(record_timing_info=None, debug=None, log_format=None, write_json=None, use_colors=None, printer_width=None, warn_error=None, version_check=None, partial_parse=None, single_threaded=False, use_experimental_parser=None, static_parser=None, profiles_dir='/Users/ajaydavid/.dbt', send_anonymous_usage_stats=None, fail_fast=None, event_buffer_size=None, project_dir=None, profile=None, target=None, vars='{}', log_cache_events=False, project_name='learn-dbt', skip_profile_setup=False, defer=None, state=None, cls=<class 'dbt.task.init.InitTask'>, which='init', rpc_method=None)
23:33:09.635990 [debug] [MainThread]: Tracking: tracking
23:33:09.651274 [debug] [MainThread]: Sending event: {'category': 'dbt', 'action': 'invocation', 'label': 'start', 'context': [<snowplow_tracker.self_describing_json.SelfDescribingJson object at 0x1056fa610>, <snowplow_tracker.self_describing_json.SelfDescribingJson object at 0x1056fa7c0>, <snowplow_tracker.self_describing_json.SelfDescribingJson object at 0x105732a60>]}
23:33:09.653238 [debug] [MainThread]: Starter project path: /usr/local/Cellar/dbt-snowflake/1.0.0_1/libexec/lib/python3.9/site-packages/dbt/include/starter_project
23:34:39.245611 [info ] [MainThread]: Profile learn-dbt written to /Users/ajaydavid/.dbt/profiles.yml using target's profile_template.yml and your supplied values. Run 'dbt debug' to validate the connection.
23:34:39.246149 [info ] [MainThread]: 
Your new dbt project "learn-dbt" was created!

For more information on how to configure the profiles.yml file,
please consult the dbt documentation here:

  https://docs.getdbt.com/docs/configure-your-profile

One more thing:

Need help? Don't hesitate to reach out to us via GitHub issues or on Slack:

  https://community.getdbt.com/

Happy modeling!

23:34:39.246618 [debug] [MainThread]: Sending event: {'category': 'dbt', 'action': 'invocation', 'label': 'end', 'context': [<snowplow_tracker.self_describing_json.SelfDescribingJson object at 0x1063a5220>, <snowplow_tracker.self_describing_json.SelfDescribingJson object at 0x1063a27c0>, <snowplow_tracker.self_describing_json.SelfDescribingJson object at 0x1063a2b80>]}


============================== 2022-01-08 01:34:47.796037 | 597618ac-1ea8-4af4-a100-527442fd55ca ==============================
01:34:47.796037 [info ] [MainThread]: Running with dbt=1.0.1
01:34:47.796377 [debug] [MainThread]: running dbt with arguments Namespace(record_timing_info=None, debug=None, log_format=None, write_json=None, use_colors=None, printer_width=None, warn_error=None, version_check=None, partial_parse=None, single_threaded=False, use_experimental_parser=None, static_parser=None, profiles_dir='/Users/ajaydavid/.dbt', send_anonymous_usage_stats=None, fail_fast=None, event_buffer_size=None, project_dir=None, profile=None, target=None, vars='{}', log_cache_events=False, config_dir=False, defer=None, state=None, cls=<class 'dbt.task.debug.DebugTask'>, which='debug', rpc_method=None)
01:34:47.796536 [debug] [MainThread]: Tracking: tracking
01:34:47.818833 [debug] [MainThread]: Sending event: {'category': 'dbt', 'action': 'invocation', 'label': 'start', 'context': [<snowplow_tracker.self_describing_json.SelfDescribingJson object at 0x10aa826a0>, <snowplow_tracker.self_describing_json.SelfDescribingJson object at 0x10aa63dc0>, <snowplow_tracker.self_describing_json.SelfDescribingJson object at 0x10aa63f10>]}
01:34:48.627196 [debug] [MainThread]: Executing "git --help"
01:34:48.654219 [debug] [MainThread]: STDOUT: "b"usage: git [--version] [--help] [-C <path>] [-c <name>=<value>]\n           [--exec-path[=<path>]] [--html-path] [--man-path] [--info-path]\n           [-p | --paginate | -P | --no-pager] [--no-replace-objects] [--bare]\n           [--git-dir=<path>] [--work-tree=<path>] [--namespace=<name>]\n           <command> [<args>]\n\nThese are common Git commands used in various situations:\n\nstart a working area (see also: git help tutorial)\n   clone             Clone a repository into a new directory\n   init              Create an empty Git repository or reinitialize an existing one\n\nwork on the current change (see also: git help everyday)\n   add               Add file contents to the index\n   mv                Move or rename a file, a directory, or a symlink\n   restore           Restore working tree files\n   rm                Remove files from the working tree and from the index\n   sparse-checkout   Initialize and modify the sparse-checkout\n\nexamine the history and state (see also: git help revisions)\n   bisect            Use binary search to find the commit that introduced a bug\n   diff              Show changes between commits, commit and working tree, etc\n   grep              Print lines matching a pattern\n   log               Show commit logs\n   show              Show various types of objects\n   status            Show the working tree status\n\ngrow, mark and tweak your common history\n   branch            List, create, or delete branches\n   commit            Record changes to the repository\n   merge             Join two or more development histories together\n   rebase            Reapply commits on top of another base tip\n   reset             Reset current HEAD to the specified state\n   switch            Switch branches\n   tag               Create, list, delete or verify a tag object signed with GPG\n\ncollaborate (see also: git help workflows)\n   fetch             Download objects and refs from another repository\n   pull              Fetch from and integrate with another repository or a local branch\n   push              Update remote refs along with associated objects\n\n'git help -a' and 'git help -g' list available subcommands and some\nconcept guides. See 'git help <command>' or 'git help <concept>'\nto read about a specific subcommand or concept.\nSee 'git help git' for an overview of the system.\n""
01:34:48.655051 [debug] [MainThread]: STDERR: "b''"
01:34:48.666020 [debug] [MainThread]: Acquiring new snowflake connection "debug"
01:34:48.668453 [debug] [MainThread]: Using snowflake connection "debug"
01:34:48.668781 [debug] [MainThread]: On debug: select 1 as id
01:34:48.669082 [debug] [MainThread]: Opening a new connection, currently in state init
01:34:50.107469 [debug] [MainThread]: SQL status: SUCCESS 1 in 1.44 seconds
01:34:50.109301 [debug] [MainThread]: On debug: Close
01:34:50.259703 [debug] [MainThread]: Sending event: {'category': 'dbt', 'action': 'invocation', 'label': 'end', 'context': [<snowplow_tracker.self_describing_json.SelfDescribingJson object at 0x10b73e790>, <snowplow_tracker.self_describing_json.SelfDescribingJson object at 0x10abe87f0>, <snowplow_tracker.self_describing_json.SelfDescribingJson object at 0x10ba002b0>]}
01:34:50.467298 [debug] [MainThread]: Connection 'debug' was properly closed.
